\BOOKMARK [0][-]{toc.0}{\376\377\000S\000u\000m\000\341\000r\000i\000o}{}% 1
\BOOKMARK [0][-]{dummy.3}{\376\377\000L\000i\000s\000t\000a\000\040\000d\000e\000\040\000F\000i\000g\000u\000r\000a\000s}{}% 2
\BOOKMARK [0][-]{dummy.5}{\376\377\000L\000i\000s\000t\000a\000\040\000d\000e\000\040\000T\000a\000b\000e\000l\000a\000s}{}% 3
\BOOKMARK [0][-]{chapter.8}{\376\377\0001\000\040\000I\000n\000t\000r\000o\000d\000u\000\347\000\343\000o}{}% 4
\BOOKMARK [1][-]{section.9}{\376\377\0001\000.\0001\000\040\000C\000o\000n\000t\000e\000x\000t\000o}{chapter.8}% 5
\BOOKMARK [1][-]{section.10}{\376\377\0001\000.\0002\000\040\000D\000e\000f\000i\000n\000i\000\347\000\343\000o\000\040\000d\000o\000\040\000P\000r\000o\000b\000l\000e\000m\000a}{chapter.8}% 6
\BOOKMARK [1][-]{section.11}{\376\377\0001\000.\0003\000\040\000M\000o\000t\000i\000v\000a\000\347\000\343\000o}{chapter.8}% 7
\BOOKMARK [1][-]{section.14}{\376\377\0001\000.\0004\000\040\000O\000b\000j\000e\000t\000i\000v\000o\000s}{chapter.8}% 8
\BOOKMARK [1][-]{section.21}{\376\377\0001\000.\0005\000\040\000M\000\351\000t\000o\000d\000o\000\040\000d\000a\000\040\000P\000e\000s\000q\000u\000i\000s\000a}{chapter.8}% 9
\BOOKMARK [1][-]{section.27}{\376\377\0001\000.\0006\000\040\000A\000b\000o\000r\000d\000a\000g\000e\000m\000\040\000P\000r\000o\000p\000o\000s\000t\000a}{chapter.8}% 10
\BOOKMARK [1][-]{section.28}{\376\377\0001\000.\0007\000\040\000O\000r\000g\000a\000n\000i\000z\000a\000\347\000\343\000o\000\040\000d\000o\000\040\000T\000r\000a\000b\000a\000l\000h\000o}{chapter.8}% 11
\BOOKMARK [0][-]{chapter.29}{\376\377\0002\000\040\000C\000o\000n\000c\000e\000i\000t\000o\000s\000\040\000e\000\040\000D\000e\000f\000i\000n\000i\000\347\000\365\000e\000s}{}% 12
\BOOKMARK [1][-]{section.30}{\376\377\0002\000.\0001\000\040\000E\000d\000u\000c\000a\000\347\000\343\000o\000\040\000e\000\040\000p\000r\000\341\000t\000i\000c\000a\000s\000\040\000p\000e\000d\000a\000g\000\363\000g\000i\000c\000a\000s}{chapter.29}% 13
\BOOKMARK [2][-]{subsection.31}{\376\377\0002\000.\0001\000.\0001\000\040\000E\000d\000u\000c\000a\000\347\000\343\000o\000,\000\040\000f\000r\000a\000c\000a\000s\000s\000o\000\040\000e\000s\000c\000o\000l\000a\000r\000\040\000e\000\040\000m\000u\000d\000a\000n\000\347\000a\000s\000\040\000p\000e\000d\000a\000g\000\363\000g\000i\000c\000a\000s}{section.30}% 14
\BOOKMARK [2][-]{subsection.32}{\376\377\0002\000.\0001\000.\0002\000\040\000E\000l\000e\000m\000e\000n\000t\000o\000s\000\040\000d\000o\000\040\000P\000r\000o\000c\000e\000s\000s\000o\000\040\000d\000e\000\040\000E\000n\000s\000i\000n\000o\000-\000A\000p\000r\000e\000n\000d\000i\000z\000a\000g\000e\000m}{section.30}% 15
\BOOKMARK [1][-]{section.33}{\376\377\0002\000.\0002\000\040\000T\000e\000o\000r\000i\000a\000s\000\040\000S\000o\000c\000i\000o\000p\000e\000d\000a\000g\000\363\000g\000i\000c\000a\000s}{chapter.29}% 16
\BOOKMARK [2][-]{subsection.34}{\376\377\0002\000.\0002\000.\0001\000\040\000A\000\040\000C\000o\000n\000s\000t\000r\000u\000\347\000\343\000o\000\040\000d\000o\000\040\000C\000o\000n\000h\000e\000c\000i\000m\000e\000n\000t\000o\000\040\000a\000\040\000p\000a\000r\000t\000i\000r\000\040\000d\000a\000\040\000E\000x\000p\000e\000r\000i\000\352\000n\000c\000i\000a}{section.33}% 17
\BOOKMARK [3][-]{subsubsection.35}{\376\377\0002\000.\0002\000.\0001\000.\0001\000\040\000M\000\351\000t\000o\000d\000o\000\040\000p\000o\000r\000\040\000D\000e\000s\000c\000o\000b\000e\000r\000t\000a}{subsection.34}% 18
\BOOKMARK [3][-]{subsubsection.40}{\376\377\0002\000.\0002\000.\0001\000.\0002\000\040\000E\000d\000u\000c\000a\000\347\000\343\000o\000\040\000E\000m\000a\000n\000c\000i\000p\000a\000d\000o\000r\000a}{subsection.34}% 19
\BOOKMARK [3][-]{subsubsection.41}{\376\377\0002\000.\0002\000.\0001\000.\0003\000\040\000C\000o\000n\000h\000e\000c\000i\000m\000e\000n\000t\000o\000\040\000c\000o\000m\000o\000\040\000c\000o\000n\000s\000t\000r\000u\000\347\000\343\000o\000\040\000p\000r\000o\000g\000r\000e\000s\000s\000i\000v\000a}{subsection.34}% 20
\BOOKMARK [3][-]{subsubsection.42}{\376\377\0002\000.\0002\000.\0001\000.\0004\000\040\000Z\000o\000n\000a\000\040\000d\000e\000\040\000D\000e\000s\000e\000n\000v\000o\000l\000v\000i\000m\000e\000n\000t\000o\000\040\000P\000r\000o\000x\000i\000m\000a\000l}{subsection.34}% 21
\BOOKMARK [1][-]{section.43}{\376\377\0002\000.\0003\000\040\000C\000o\000m\000p\000u\000t\000a\000\347\000\343\000o\000\040\000A\000p\000l\000i\000c\000a\000d\000a\000\040\000\340\000\040\000E\000d\000u\000c\000a\000\347\000\343\000o}{chapter.29}% 22
\BOOKMARK [2][-]{subsection.44}{\376\377\0002\000.\0003\000.\0001\000\040\000O\000b\000j\000e\000t\000o\000s\000\040\000d\000e\000\040\000A\000p\000r\000e\000n\000d\000i\000z\000a\000g\000e\000m}{section.43}% 23
\BOOKMARK [2][-]{subsection.45}{\376\377\0002\000.\0003\000.\0002\000\040\000I\000n\000t\000e\000r\000n\000e\000t\000\040\000d\000a\000s\000\040\000C\000o\000i\000s\000a\000s\000\040\000\050\000I\000o\000T\000\051}{section.43}% 24
\BOOKMARK [2][-]{subsection.47}{\376\377\0002\000.\0003\000.\0003\000\040\000S\000i\000s\000t\000e\000m\000a\000s\000\040\000C\000i\000b\000e\000r\000f\000\355\000s\000i\000c\000o\000s}{section.43}% 25
\BOOKMARK [2][-]{subsection.48}{\376\377\0002\000.\0003\000.\0004\000\040\000I\000n\000t\000e\000r\000f\000a\000c\000e\000s\000\040\000T\000a\000n\000g\000\355\000v\000e\000i\000s\000\040\000d\000e\000\040\000U\000s\000u\000\341\000r\000i\000o}{section.43}% 26
\BOOKMARK [2][-]{subsection.55}{\376\377\0002\000.\0003\000.\0005\000\040\000F\000e\000r\000r\000a\000m\000e\000n\000t\000a\000s\000\040\000d\000e\000\040\000A\000u\000t\000o\000r\000i\000a\000\040\000d\000e\000\040\000O\000A\000s}{section.43}% 27
\BOOKMARK [2][-]{subsection.57}{\376\377\0002\000.\0003\000.\0006\000\040\000A\000v\000a\000l\000i\000a\000\347\000\343\000o\000\040\000d\000a\000\040\000A\000p\000r\000e\000n\000d\000i\000z\000a\000g\000e\000m}{section.43}% 28
\BOOKMARK [1][-]{section.58}{\376\377\0002\000.\0004\000\040\000R\000e\000s\000u\000m\000o}{chapter.29}% 29
\BOOKMARK [0][-]{chapter.59}{\376\377\0003\000\040\000T\000r\000a\000b\000a\000l\000h\000o\000s\000\040\000C\000o\000r\000r\000e\000l\000a\000t\000o\000s}{}% 30
\BOOKMARK [1][-]{section.60}{\376\377\0003\000.\0001\000\040\000S\000i\000s\000t\000e\000m\000a\000s\000\040\000C\000i\000b\000e\000r\000f\000\355\000s\000i\000c\000o\000s\000\040\000n\000a\000\040\000E\000d\000u\000c\000a\000\347\000\343\000o}{chapter.59}% 31
\BOOKMARK [2][-]{subsection.61}{\376\377\0003\000.\0001\000.\0001\000\040\000M\000a\000n\000i\000p\000u\000l\000a\000t\000i\000v\000o\000s\000\040\000F\000\355\000s\000i\000c\000o\000s\000\040\000v\000e\000r\000s\000u\000s\000\040\000M\000a\000n\000i\000p\000u\000l\000a\000t\000i\000v\000o\000s\000\040\000V\000i\000r\000t\000u\000a\000i\000s}{section.60}% 32
\BOOKMARK [2][-]{subsection.68}{\376\377\0003\000.\0001\000.\0002\000\040\000M\000a\000n\000i\000p\000u\000l\000a\000t\000i\000v\000o\000s\000\040\000T\000a\000n\000g\000\355\000v\000e\000i\000s\000\040\000\050\000F\000\355\000s\000i\000c\000o\000-\000D\000i\000g\000i\000t\000a\000i\000s\000\051}{section.60}% 33
\BOOKMARK [2][-]{subsection.77}{\376\377\0003\000.\0001\000.\0003\000\040\000M\000o\000d\000e\000l\000a\000g\000e\000m\000\040\000B\000i\000f\000o\000c\000a\000l}{section.60}% 34
\BOOKMARK [2][-]{subsection.80}{\376\377\0003\000.\0001\000.\0004\000\040\000S\000i\000s\000t\000e\000m\000a\000s\000\040\000F\000\355\000s\000i\000c\000o\000-\000V\000i\000r\000t\000u\000a\000i\000s\000\040\000d\000e\000\040\000A\000p\000r\000e\000n\000d\000i\000z\000a\000g\000e\000m\000\040\000n\000o\000\040\000B\000r\000a\000s\000i\000l}{section.60}% 35
\BOOKMARK [1][-]{section.93}{\376\377\0003\000.\0002\000\040\000F\000e\000r\000r\000a\000m\000e\000n\000t\000a\000s\000\040\000d\000e\000\040\000A\000u\000t\000o\000r\000i\000a\000\040\000d\000e\000\040\000O\000b\000j\000e\000t\000o\000s\000\040\000d\000e\000\040\000A\000p\000r\000e\000n\000d\000i\000z\000a\000g\000e\000m}{chapter.59}% 36
\BOOKMARK [1][-]{section.97}{\376\377\0003\000.\0003\000\040\000F\000e\000r\000r\000a\000m\000e\000n\000t\000a\000s\000\040\000e\000\040\000M\000\351\000t\000r\000i\000c\000a\000s\000\040\000d\000e\000\040\000A\000v\000a\000l\000i\000a\000\347\000\343\000o\000\040\000d\000o\000\040\000D\000e\000s\000e\000m\000p\000e\000n\000h\000o}{chapter.59}% 37
\BOOKMARK [2][-]{subsection.98}{\376\377\0003\000.\0003\000.\0001\000\040\000W\000e\000b\000M\000o\000n\000i\000t\000o\000r\000\040\000-\000\040\000m\000o\000n\000i\000t\000o\000r\000a\000m\000e\000n\000t\000o\000\040\000e\000\040\000a\000c\000o\000m\000p\000a\000n\000h\000a\000m\000e\000n\000t\000o}{section.97}% 38
\BOOKMARK [2][-]{subsection.106}{\376\377\0003\000.\0003\000.\0002\000\040\000M\000e\000t\000o\000d\000o\000l\000o\000g\000i\000a\000\040\000p\000a\000r\000a\000\040\000L\000e\000a\000r\000n\000i\000n\000g\000\040\000A\000n\000a\000l\000y\000t\000i\000c\000s}{section.97}% 39
\BOOKMARK [2][-]{subsection.109}{\376\377\0003\000.\0003\000.\0003\000\040\000M\000\351\000t\000r\000i\000c\000a\000s\000\040\000d\000e\000\040\000D\000e\000s\000e\000m\000p\000e\000n\000h\000o\000\040\000p\000a\000r\000a\000\040\000E\000s\000t\000u\000d\000a\000n\000t\000e\000s\000\040\000e\000\040\000P\000r\000o\000f\000e\000s\000s\000o\000r\000e\000s}{section.97}% 40
\BOOKMARK [2][-]{subsection.115}{\376\377\0003\000.\0003\000.\0004\000\040\000M\000o\000d\000e\000l\000o\000\040\000L\000e\000a\000r\000n\000i\000n\000g\000\040\000V\000e\000c\000t\000o\000r\000s\000\040\000p\000a\000r\000a\000\040\000M\000o\000o\000d\000l\000e}{section.97}% 41
\BOOKMARK [1][-]{section.120}{\376\377\0003\000.\0004\000\040\000R\000e\000s\000u\000m\000o}{chapter.59}% 42
\BOOKMARK [0][-]{chapter.121}{\376\377\0004\000\040\000M\000\351\000t\000o\000d\000o\000\040\000P\000r\000o\000p\000o\000s\000t\000o}{}% 43
\BOOKMARK [1][-]{section.123}{\376\377\0004\000.\0001\000\040\000C\000o\000m\000p\000o\000s\000i\000t\000o\000r}{chapter.121}% 44
\BOOKMARK [1][-]{section.132}{\376\377\0004\000.\0002\000\040\000S\000e\000r\000v\000i\000d\000o\000r}{chapter.121}% 45
\BOOKMARK [1][-]{section.134}{\376\377\0004\000.\0003\000\040\000P\000l\000a\000y\000e\000r\000\040\000T\000a\000n\000g\000\355\000v\000e\000l}{chapter.121}% 46
\BOOKMARK [2][-]{subsection.136}{\376\377\0004\000.\0003\000.\0001\000\040\000P\000r\000o\000c\000e\000s\000s\000o\000\040\000d\000e\000\040\000c\000o\000n\000e\000x\000\343\000o\000\040\000e\000n\000t\000r\000e\000\040\000a\000s\000\040\000e\000n\000t\000i\000d\000a\000d\000e\000s\000\040\000f\000\355\000s\000i\000c\000a\000\040\000e\000\040\000d\000i\000g\000i\000t\000a\000l}{section.134}% 47
\BOOKMARK [1][-]{section.152}{\376\377\0004\000.\0004\000\040\000A\000n\000a\000l\000\355\000t\000i\000c\000o\000s}{chapter.121}% 48
\BOOKMARK [2][-]{subsection.153}{\376\377\0004\000.\0004\000.\0001\000\040\000M\000\351\000t\000r\000i\000c\000a\000s\000\040\000I\000n\000d\000e\000p\000e\000n\000d\000e\000n\000t\000e\000s}{section.152}% 49
\BOOKMARK [3][-]{subsubsection.154}{\376\377\0004\000.\0004\000.\0001\000.\0001\000\040\000N\000o\000t\000a\000\040\000T\000r\000a\000d\000i\000c\000i\000o\000n\000a\000l}{subsection.153}% 50
\BOOKMARK [3][-]{subsubsection.156}{\376\377\0004\000.\0004\000.\0001\000.\0002\000\040\000N\000o\000t\000a\000\040\000P\000o\000n\000d\000e\000r\000a\000d\000a}{subsection.153}% 51
\BOOKMARK [3][-]{subsubsection.160}{\376\377\0004\000.\0004\000.\0001\000.\0003\000\040\000D\000\372\000v\000i\000d\000a\000\040\000d\000a\000\040\000Q\000u\000e\000s\000t\000\343\000o}{subsection.153}% 52
\BOOKMARK [3][-]{subsubsection.165}{\376\377\0004\000.\0004\000.\0001\000.\0004\000\040\000G\000r\000a\000u\000\040\000d\000e\000\040\000A\000s\000s\000e\000r\000t\000i\000v\000i\000d\000a\000d\000e}{subsection.153}% 53
\BOOKMARK [3][-]{subsubsection.167}{\376\377\0004\000.\0004\000.\0001\000.\0005\000\040\000T\000e\000m\000p\000o\000\040\000d\000e\000\040\000R\000e\000s\000p\000o\000s\000t\000a}{subsection.153}% 54
\BOOKMARK [2][-]{subsection.169}{\376\377\0004\000.\0004\000.\0002\000\040\000M\000\351\000t\000r\000i\000c\000a\000s\000\040\000C\000o\000m\000p\000o\000s\000t\000a\000s}{section.152}% 55
\BOOKMARK [3][-]{subsubsection.170}{\376\377\0004\000.\0004\000.\0002\000.\0001\000\040\000P\000r\000i\000o\000r\000i\000d\000a\000d\000e}{subsection.169}% 56
\BOOKMARK [3][-]{subsubsection.172}{\376\377\0004\000.\0004\000.\0002\000.\0002\000\040\000N\000\355\000v\000e\000l\000\040\000d\000e\000\040\000C\000o\000m\000p\000r\000e\000e\000n\000s\000\343\000o\000\040\000d\000a\000\040\000Q\000u\000e\000s\000t\000\343\000o}{subsection.169}% 57
\BOOKMARK [3][-]{subsubsection.179}{\376\377\0004\000.\0004\000.\0002\000.\0003\000\040\000N\000\355\000v\000e\000l\000\040\000d\000e\000\040\000C\000o\000m\000p\000r\000e\000e\000n\000s\000\343\000o\000\040\000d\000o\000\040\000Q\000u\000e\000s\000t\000i\000o\000n\000\341\000r\000i\000o}{subsection.169}% 58
\BOOKMARK [2][-]{subsection.182}{\376\377\0004\000.\0004\000.\0003\000\040\000M\000\351\000t\000r\000i\000c\000a\000s\000\040\000a\000p\000l\000i\000c\000a\000d\000a\000s\000\040\000a\000\040\000O\000b\000j\000e\000t\000o\000s\000\040\000T\000a\000n\000g\000\355\000v\000e\000i\000s\000\040\000d\000e\000\040\000A\000p\000r\000e\000n\000d\000i\000z\000a\000g\000e\000m\000\040\000\050\000O\000T\000A\000\051}{section.152}% 59
\BOOKMARK [1][-]{section.190}{\376\377\0004\000.\0005\000\040\000F\000e\000r\000r\000a\000m\000e\000n\000t\000a\000s}{chapter.121}% 60
\BOOKMARK [2][-]{subsection.192}{\376\377\0004\000.\0005\000.\0001\000\040\000C\000o\000m\000p\000o\000s\000i\000t\000o\000r}{section.190}% 61
\BOOKMARK [2][-]{subsection.194}{\376\377\0004\000.\0005\000.\0002\000\040\000P\000l\000a\000y\000e\000r\000\040\000T\000a\000n\000g\000\355\000v\000e\000l}{section.190}% 62
\BOOKMARK [3][-]{subsubsection.196}{\376\377\0004\000.\0005\000.\0002\000.\0001\000\040\000I\000n\000s\000t\000a\000n\000c\000i\000a\000\347\000\343\000o\000\040\000d\000a\000\040\000d\000e\000s\000c\000r\000i\000\347\000\343\000o\000\040\000d\000e\000\040\000u\000m\000\040\000O\000b\000j\000e\000t\000o\000\040\000T\000a\000n\000g\000\355\000v\000e\000l\000\040\000d\000e\000\040\000A\000p\000r\000e\000n\000d\000i\000z\000a\000g\000e\000m}{subsection.194}% 63
\BOOKMARK [3][-]{subsubsection.200}{\376\377\0004\000.\0005\000.\0002\000.\0002\000\040\000I\000n\000s\000t\000a\000n\000c\000i\000a\000\347\000\343\000o\000\040\000d\000a\000s\000\040\000E\000n\000t\000r\000a\000d\000a\000s\000,\000\040\000S\000a\000\355\000d\000a\000s\000\040\000e\000\040\000C\000a\000s\000o\000s\000\040\000d\000e\000\040\000T\000e\000s\000t\000e\000\040\000d\000e\000\040\000u\000m\000\040\000O\000T\000A}{subsection.194}% 64
\BOOKMARK [2][-]{subsection.206}{\376\377\0004\000.\0005\000.\0003\000\040\000S\000e\000r\000v\000i\000d\000o\000r}{section.190}% 65
\BOOKMARK [2][-]{subsection.209}{\376\377\0004\000.\0005\000.\0004\000\040\000A\000n\000a\000l\000\355\000t\000i\000c\000o\000s}{section.190}% 66
\BOOKMARK [1][-]{section.216}{\376\377\0004\000.\0006\000\040\000R\000e\000s\000u\000m\000o}{chapter.121}% 67
\BOOKMARK [0][-]{chapter.217}{\376\377\0005\000\040\000R\000e\000s\000u\000l\000t\000a\000d\000o\000s}{}% 68
\BOOKMARK [1][-]{section.218}{\376\377\0005\000.\0001\000\040\000E\000s\000t\000u\000d\000o\000\040\000E\000x\000p\000l\000o\000r\000a\000t\000\363\000r\000i\000o\000\040\000d\000a\000s\000\040\000M\000\351\000t\000r\000i\000c\000a\000s\000\040\000d\000e\000\040\000A\000p\000r\000e\000n\000d\000i\000z\000a\000g\000e\000m}{chapter.217}% 69
\BOOKMARK [2][-]{subsection.219}{\376\377\0005\000.\0001\000.\0001\000\040\000S\000o\000b\000r\000e\000\040\000a\000\040\000c\000o\000l\000e\000t\000a\000\040\000d\000o\000s\000\040\000d\000a\000d\000o\000s}{section.218}% 70
\BOOKMARK [2][-]{subsection.220}{\376\377\0005\000.\0001\000.\0002\000\040\000A\000n\000\341\000l\000i\000s\000e\000\040\000d\000a\000s\000\040\000M\000\351\000t\000r\000i\000c\000a\000s}{section.218}% 71
\BOOKMARK [3][-]{subsubsection.221}{\376\377\0005\000.\0001\000.\0002\000.\0001\000\040\000A\000v\000a\000l\000i\000a\000n\000d\000o\000\040\000o\000s\000\040\000e\000s\000t\000u\000d\000a\000n\000t\000e\000s}{subsection.220}% 72
\BOOKMARK [3][-]{subsubsection.225}{\376\377\0005\000.\0001\000.\0002\000.\0002\000\040\000A\000v\000a\000l\000i\000a\000n\000d\000o\000\040\000D\000i\000s\000c\000i\000p\000l\000i\000n\000a\000s}{subsection.220}% 73
\BOOKMARK [3][-]{subsubsection.231}{\376\377\0005\000.\0001\000.\0002\000.\0003\000\040\000C\000o\000m\000p\000o\000s\000i\000\347\000\343\000o\000\040\000d\000a\000s\000\040\000m\000\351\000t\000r\000i\000c\000a\000s\000:\000\040\000G\000r\000a\000u\000\040\000d\000e\000\040\000A\000s\000s\000e\000r\000t\000i\000v\000i\000d\000a\000d\000e\000\040\000v\000e\000r\000s\000u\000s\000\040\000N\000\355\000v\000e\000l\000\040\000d\000e\000\040\000C\000o\000m\000p\000r\000e\000e\000n\000s\000\343\000o\000\040\000d\000o\000\040\000Q\000u\000e\000s\000t\000i\000o\000n\000\341\000r\000i\000o}{subsection.220}% 74
\BOOKMARK [2][-]{subsection.233}{\376\377\0005\000.\0001\000.\0003\000\040\000A\000n\000a\000l\000i\000s\000a\000n\000d\000o\000\040\000o\000s\000\040\000e\000s\000t\000u\000d\000a\000n\000t\000e\000s\000\040\000d\000o\000\040\000T\000e\000r\000c\000e\000i\000r\000o\000\040\000Q\000u\000a\000d\000r\000a\000n\000t\000e}{section.218}% 75
\BOOKMARK [1][-]{section.241}{\376\377\0005\000.\0002\000\040\000E\000s\000t\000u\000d\000o\000\040\000d\000e\000\040\000C\000a\000s\000o}{chapter.217}% 76
\BOOKMARK [2][-]{subsection.247}{\376\377\0005\000.\0002\000.\0001\000\040\000F\000a\000s\000e\000\040\000'\0001\000'\000\040\000-\000\040\000I\000m\000p\000a\000c\000t\000o\000\040\000d\000o\000\040\000u\000s\000o\000\040\000d\000e\000\040\000O\000T\000A\000\040\000n\000a\000\040\000A\000p\000r\000e\000n\000d\000i\000z\000a\000g\000e\000m\000\040\000e\000m\000\040\000c\000o\000m\000p\000a\000r\000a\000\347\000\343\000o\000\040\000c\000o\000m\000\040\000o\000\040\000e\000n\000s\000i\000n\000o\000\040\000t\000r\000a\000d\000i\000c\000i\000o\000n\000a\000l}{section.241}% 77
\BOOKMARK [2][-]{subsection.250}{\376\377\0005\000.\0002\000.\0002\000\040\000S\000o\000b\000r\000e\000\040\000o\000\040\000i\000m\000p\000a\000c\000t\000o\000\040\000d\000o\000\040\000u\000s\000o\000\040\000d\000e\000\040\000o\000b\000j\000e\000t\000o\000\040\000t\000a\000n\000g\000\355\000v\000e\000l\000\040\000n\000a\000\040\000a\000p\000r\000e\000n\000d\000i\000z\000a\000g\000e\000m}{section.241}% 78
\BOOKMARK [3][-]{subsubsection.259}{\376\377\0005\000.\0002\000.\0002\000.\0001\000\040\000H\000i\000p\000\363\000t\000e\000s\000e\000s\000\040\000H\0000\0001\000\040\000e\000\040\000H\000A\0001}{subsection.250}% 79
\BOOKMARK [2][-]{subsection.260}{\376\377\0005\000.\0002\000.\0003\000\040\000C\000o\000m\000p\000a\000r\000a\000\347\000\343\000o\000\040\000e\000n\000t\000r\000e\000\040\000o\000\040\000u\000s\000o\000\040\000d\000e\000\040\000o\000b\000j\000e\000t\000o\000\040\000t\000a\000n\000g\000\355\000v\000e\000l\000\040\000e\000\040\000o\000\040\000e\000n\000s\000i\000n\000o\000\040\000t\000r\000a\000d\000i\000c\000i\000o\000n\000a\000l}{section.241}% 80
\BOOKMARK [3][-]{subsubsection.268}{\376\377\0005\000.\0002\000.\0003\000.\0001\000\040\000H\000i\000p\000\363\000t\000e\000s\000e\000s\000\040\000H\0000\0002\000\040\000e\000\040\000H\000A\0002}{subsection.260}% 81
\BOOKMARK [3][-]{subsubsection.269}{\376\377\0005\000.\0002\000.\0003\000.\0002\000\040\000S\000o\000b\000r\000e\000\040\000o\000\040\000P\000\363\000s\000-\000t\000e\000s\000t\000e\000\040\000a\000d\000i\000c\000i\000o\000n\000a\000l\000\040\000d\000o\000\040\000G\000r\000u\000p\000o\000\040\000A}{subsection.260}% 82
\BOOKMARK [2][-]{subsection.271}{\376\377\0005\000.\0002\000.\0004\000\040\000F\000a\000s\000e\000\040\000'\0002\000'\000\040\000-\000\040\000P\000e\000r\000c\000e\000p\000\347\000\343\000o\000\040\000d\000o\000s\000\040\000e\000s\000t\000u\000d\000a\000n\000t\000e\000s\000\040\000s\000o\000b\000r\000e\000\040\000o\000\040\000u\000s\000o\000\040\000d\000e\000\040\000O\000T\000A}{section.241}% 83
\BOOKMARK [3][-]{subsubsection.274}{\376\377\0005\000.\0002\000.\0004\000.\0001\000\040\000F\000o\000r\000m\000u\000l\000\341\000r\000i\000o\000\040\000T\000A\000M\0003}{subsection.271}% 84
\BOOKMARK [3][-]{subsubsection.279}{\376\377\0005\000.\0002\000.\0004\000.\0002\000\040\000Q\000u\000e\000s\000t\000\365\000e\000s\000\040\000a\000b\000e\000r\000t\000a\000s}{subsection.271}% 85
\BOOKMARK [2][-]{subsection.280}{\376\377\0005\000.\0002\000.\0005\000\040\000F\000a\000s\000e\000\040\000'\0003\000'\000\040\000-\000\040\000E\000s\000t\000u\000d\000o\000\040\000d\000e\000\040\000V\000i\000a\000b\000i\000l\000i\000d\000a\000d\000e}{section.241}% 86
\BOOKMARK [3][-]{subsubsection.283}{\376\377\0005\000.\0002\000.\0005\000.\0001\000\040\000E\000x\000e\000r\000c\000\355\000c\000i\000o\000\040\0001\000\040\000-\000\040\000Q\000u\000a\000d\000r\000a\000n\000t\000e\000s}{subsection.280}% 87
\BOOKMARK [3][-]{subsubsection.305}{\376\377\0005\000.\0002\000.\0005\000.\0002\000\040\000E\000x\000e\000r\000c\000\355\000c\000i\000o\000\040\0002\000\040\000-\000\040\000\302\000n\000g\000u\000l\000o\000s}{subsection.280}% 88
\BOOKMARK [3][-]{subsubsection.332}{\376\377\0005\000.\0002\000.\0005\000.\0003\000\040\000E\000x\000e\000r\000c\000\355\000c\000i\000o\000\040\0003\000\040\000-\000\040\000S\000e\000n\000o}{subsection.280}% 89
\BOOKMARK [3][-]{subsubsection.341}{\376\377\0005\000.\0002\000.\0005\000.\0004\000\040\000E\000x\000e\000r\000c\000\355\000c\000i\000o\000\040\0004\000\040\000-\000\040\000C\000o\000s\000s\000e\000n\000o}{subsection.280}% 90
\BOOKMARK [3][-]{subsubsection.350}{\376\377\0005\000.\0002\000.\0005\000.\0005\000\040\000E\000x\000e\000r\000c\000\355\000c\000i\000o\000\040\0005\000\040\000-\000\040\000T\000a\000n\000g\000e\000n\000t\000e}{subsection.280}% 91
\BOOKMARK [1][-]{section.353}{\376\377\0005\000.\0003\000\040\000R\000e\000s\000u\000m\000o}{chapter.217}% 92
\BOOKMARK [0][-]{chapter.354}{\376\377\0006\000\040\000C\000o\000n\000c\000l\000u\000s\000\343\000o}{}% 93
\BOOKMARK [1][-]{section.355}{\376\377\0006\000.\0001\000\040\000C\000o\000n\000s\000i\000d\000e\000r\000a\000\347\000\365\000e\000s\000\040\000F\000i\000n\000a\000i\000s}{chapter.354}% 94
\BOOKMARK [1][-]{section.356}{\376\377\0006\000.\0002\000\040\000T\000r\000a\000b\000a\000l\000h\000o\000s\000\040\000F\000u\000t\000u\000r\000o\000s}{chapter.354}% 95
\BOOKMARK [0][-]{appendix.358}{\376\377\000A\000\040\000P\000e\000r\000f\000i\000l\000\040\000d\000e\000\040\000a\000p\000l\000i\000c\000a\000\347\000\343\000o\000\040\000O\000B\000A\000A}{}% 96
\BOOKMARK [0][-]{appendix.359}{\376\377\000B\000\040\000E\000s\000t\000u\000d\000o\000\040\000d\000e\000\040\000C\000a\000s\000o\000:\000\040\000A\000t\000i\000v\000i\000d\000a\000d\000e\000\040\0001}{}% 97
\BOOKMARK [1][-]{section.360}{\376\377\000B\000.\0001\000\040\000A\000t\000i\000v\000i\000d\000a\000d\000e\000\040\0001\000:\000\040\000P\000l\000a\000n\000o\000\040\000d\000e\000\040\000A\000u\000l\000a}{appendix.359}% 98
\BOOKMARK [1][-]{section.362}{\376\377\000B\000.\0002\000\040\000A\000t\000i\000v\000i\000d\000a\000d\000e\000\040\0001\000:\000\040\000A\000p\000r\000e\000s\000e\000n\000t\000a\000\347\000\343\000o\000\040\000e\000m\000\040\000S\000l\000i\000d\000e\000s}{appendix.359}% 99
\BOOKMARK [0][-]{appendix.363}{\376\377\000C\000\040\000E\000s\000t\000u\000d\000o\000\040\000d\000e\000\040\000C\000a\000s\000o\000:\000\040\000A\000t\000i\000v\000i\000d\000a\000d\000e\000s\000\040\0002\000\040\000e\000\040\0003}{}% 100
\BOOKMARK [1][-]{section.364}{\376\377\000C\000.\0001\000\040\000A\000t\000i\000v\000i\000d\000a\000d\000e\000\040\0002\000:\000\040\000P\000l\000a\000n\000o\000\040\000d\000e\000\040\000A\000u\000l\000a}{appendix.363}% 101
\BOOKMARK [1][-]{section.365}{\376\377\000C\000.\0002\000\040\000A\000t\000i\000v\000i\000d\000a\000d\000e\000\040\0003\000:\000\040\000P\000l\000a\000n\000o\000\040\000d\000e\000\040\000A\000u\000l\000a}{appendix.363}% 102
\BOOKMARK [1][-]{section.366}{\376\377\000C\000.\0003\000\040\000A\000t\000i\000v\000i\000d\000a\000d\000e\000s\000\040\0002\000\040\000e\000\040\0003\000:\000\040\000A\000p\000r\000e\000s\000e\000n\000t\000a\000\347\000\343\000o\000\040\000e\000m\000\040\000S\000l\000i\000d\000e\000s}{appendix.363}% 103
\BOOKMARK [1][-]{section.367}{\376\377\000C\000.\0004\000\040\000A\000t\000i\000v\000i\000d\000a\000d\000e\000\040\0002\000:\000\040\000E\000x\000e\000r\000c\000\355\000c\000i\000o\000\040\000d\000e\000\040\000F\000i\000x\000a\000\347\000\343\000o}{appendix.363}% 104
\BOOKMARK [1][-]{section.373}{\376\377\000C\000.\0005\000\040\000A\000t\000i\000v\000i\000d\000a\000d\000e\000\040\0003\000:\000\040\000I\000n\000t\000e\000r\000f\000a\000c\000e\000s\000\040\000F\000\355\000s\000i\000c\000a\000s\000\040\000d\000o\000\040\000P\000l\000a\000y\000e\000r\000\040\000T\000a\000n\000g\000\355\000v\000e\000l}{appendix.363}% 105
\BOOKMARK [2][-]{subsection.374}{\376\377\000C\000.\0005\000.\0001\000\040\000I\000n\000t\000e\000r\000f\000a\000c\000e\000\040\000F\000\355\000s\000i\000c\000a\000\040\000A\0000\0001}{section.373}% 106
\BOOKMARK [2][-]{subsection.376}{\376\377\000C\000.\0005\000.\0002\000\040\000I\000n\000t\000e\000r\000f\000a\000c\000e\000\040\000F\000\355\000s\000i\000c\000a\000\040\000A\0000\0002}{section.373}% 107
\BOOKMARK [2][-]{subsection.378}{\376\377\000C\000.\0005\000.\0003\000\040\000I\000n\000t\000e\000r\000f\000a\000c\000e\000\040\000F\000\355\000s\000i\000c\000a\000\040\000A\0000\0003}{section.373}% 108
\BOOKMARK [2][-]{subsection.380}{\376\377\000C\000.\0005\000.\0004\000\040\000I\000n\000t\000e\000r\000f\000a\000c\000e\000\040\000F\000\355\000s\000i\000c\000a\000\040\000A\0000\0004}{section.373}% 109
\BOOKMARK [2][-]{subsection.382}{\376\377\000C\000.\0005\000.\0005\000\040\000I\000n\000t\000e\000r\000f\000a\000c\000e\000\040\000F\000\355\000s\000i\000c\000a\000\040\000A\0000\0005}{section.373}% 110
\BOOKMARK [2][-]{subsection.384}{\376\377\000C\000.\0005\000.\0006\000\040\000I\000n\000t\000e\000r\000f\000a\000c\000e\000\040\000F\000\355\000s\000i\000c\000a\000\040\000A\0000\0006}{section.373}% 111
\BOOKMARK [0][-]{appendix.386}{\376\377\000D\000\040\000O\000T\000A\000\040\000-\000\040\000E\000x\000e\000r\000c\000\355\000c\000i\000o\000\040\0001}{}% 112
\BOOKMARK [0][-]{appendix.387}{\376\377\000E\000\040\000O\000T\000A\000\040\000-\000\040\000E\000x\000e\000r\000c\000\355\000c\000i\000o\000\040\0002}{}% 113
\BOOKMARK [0][-]{appendix.388}{\376\377\000F\000\040\000O\000T\000A\000\040\000-\000\040\000E\000x\000e\000r\000c\000\355\000c\000i\000o\000\040\0003}{}% 114
\BOOKMARK [0][-]{appendix.389}{\376\377\000G\000\040\000O\000T\000A\000\040\000-\000\040\000E\000x\000e\000r\000c\000\355\000c\000i\000o\000\040\0004}{}% 115
\BOOKMARK [0][-]{appendix.390}{\376\377\000H\000\040\000O\000T\000A\000\040\000-\000\040\000E\000x\000e\000r\000c\000\355\000c\000i\000o\000\040\0005}{}% 116
\BOOKMARK [0][-]{appendix.391}{\376\377\000I\000\040\000O\000T\000A\000\040\000-\000\040\000E\000x\000e\000r\000c\000\355\000c\000i\000o\000\040\0001\000\040\000-\000\040\000A\000n\000a\000l\000\355\000t\000i\000c\000o\000s}{}% 117
\BOOKMARK [0][-]{appendix.392}{\376\377\000J\000\040\000O\000T\000A\000\040\000-\000\040\000E\000x\000e\000r\000c\000\355\000c\000i\000o\000\040\0002\000\040\000-\000\040\000A\000n\000a\000l\000\355\000t\000i\000c\000o\000s}{}% 118
\BOOKMARK [0][-]{appendix.393}{\376\377\000K\000\040\000O\000T\000A\000\040\000-\000\040\000E\000x\000e\000r\000c\000\355\000c\000i\000o\000\040\0003\000\040\000-\000\040\000A\000n\000a\000l\000\355\000t\000i\000c\000o\000s}{}% 119
\BOOKMARK [0][-]{appendix.394}{\376\377\000L\000\040\000O\000T\000A\000\040\000-\000\040\000E\000x\000e\000r\000c\000\355\000c\000i\000o\000\040\0004\000\040\000-\000\040\000A\000n\000a\000l\000\355\000t\000i\000c\000o\000s}{}% 120
\BOOKMARK [0][-]{appendix.395}{\376\377\000M\000\040\000O\000T\000A\000\040\000-\000\040\000E\000x\000e\000r\000c\000\355\000c\000i\000o\000\040\0005\000\040\000-\000\040\000A\000n\000a\000l\000\355\000t\000i\000c\000o\000s}{}% 121
\BOOKMARK [0][-]{appendix.396}{\376\377\000N\000\040\000F\000o\000r\000m\000u\000l\000\341\000r\000i\000o\000\040\000d\000e\000\040\000E\000x\000p\000e\000r\000i\000\352\000n\000c\000i\000a\000\040\000d\000o\000\040\000U\000s\000u\000\341\000r\000i\000o}{}% 122
